<?xml version="1.0" encoding="UTF-8"?>
<testsuite xmlns:xsi="http://www.w3.org/2001/XMLSchema-instance" xsi:noNamespaceSchemaLocation="https://maven.apache.org/surefire/maven-surefire-plugin/xsd/surefire-test-report-3.0.xsd" version="3.0" name="com.fiap.reservarestaurantes.adapters.repository.RestauranteRepositoryTest" time="4.594" tests="1" errors="0" skipped="0" failures="0">
  <properties>
[...]
</properties>
  <testcase name="deveSalvarERetornarRestaurante" classname="com.fiap.reservarestaurantes.adapters.repository.RestauranteRepositoryTest" time="0.235">
    <system-out><![CDATA[2024-12-17T16:50:08.392-03:00  INFO 11636 --- [           main] t.c.s.AnnotationConfigContextLoaderUtils : Could not detect default configuration classes for test class [com.fiap.reservarestaurantes.adapters.repository.RestauranteRepositoryTest]: RestauranteRepositoryTest does not declare any static, non-private, non-final, nested classes annotated with @Configuration.
2024-12-17T16:50:08.454-03:00  INFO 11636 --- [           main] .b.t.c.SpringBootTestContextBootstrapper : Found @SpringBootConfiguration com.fiap.reservarestaurantes.ReservarestaurantesApplication for test class com.fiap.reservarestaurantes.adapters.repository.RestauranteRepositoryTest

  .   ____          _            __ _ _
 /\\ / ___'_ __ _ _(_)_ __  __ _ \ \ \ \
( ( )\___ | '_ | '_| | '_ \/ _` | \ \ \ \
 \\/  ___)| |_)| | | | | || (_| |  ) ) ) )
  '  |____| .__|_| |_|_| |_\__, | / / / /
 =========|_|==============|___/=/_/_/_/
 :: Spring Boot ::                (v3.1.4)

2024-12-17T16:50:08.517-03:00  INFO 11636 --- [           main] c.f.r.a.r.RestauranteRepositoryTest      : Starting RestauranteRepositoryTest using Java 17.0.10 with PID 11636 (started by DELL in C:\Users\DELL\Desktop\FIAP)
2024-12-17T16:50:08.517-03:00  INFO 11636 --- [           main] c.f.r.a.r.RestauranteRepositoryTest      : No active profile set, falling back to 1 default profile: "default"
2024-12-17T16:50:08.845-03:00  INFO 11636 --- [           main] .s.d.r.c.RepositoryConfigurationDelegate : Bootstrapping Spring Data JPA repositories in DEFAULT mode.
2024-12-17T16:50:08.954-03:00  INFO 11636 --- [           main] .s.d.r.c.RepositoryConfigurationDelegate : Finished Spring Data repository scanning in 90 ms. Found 3 JPA repository interfaces.
2024-12-17T16:50:09.048-03:00  INFO 11636 --- [           main] beddedDataSourceBeanFactoryPostProcessor : Replacing 'dataSource' DataSource bean with embedded version
2024-12-17T16:50:09.173-03:00  INFO 11636 --- [           main] o.s.j.d.e.EmbeddedDatabaseFactory        : Starting embedded database: url='jdbc:h2:mem:70b25b8a-6496-41a3-8d78-67eca23808a3;DB_CLOSE_DELAY=-1;DB_CLOSE_ON_EXIT=false', username='sa'
2024-12-17T16:50:09.689-03:00  INFO 11636 --- [           main] o.hibernate.jpa.internal.util.LogHelper  : HHH000204: Processing PersistenceUnitInfo [name: default]
2024-12-17T16:50:09.861-03:00  INFO 11636 --- [           main] org.hibernate.Version                    : HHH000412: Hibernate ORM core version 6.2.9.Final
2024-12-17T16:50:09.861-03:00  INFO 11636 --- [           main] org.hibernate.cfg.Environment            : HHH000406: Using bytecode reflection optimizer
2024-12-17T16:50:10.189-03:00  INFO 11636 --- [           main] o.h.b.i.BytecodeProviderInitiator        : HHH000021: Bytecode provider name : bytebuddy
2024-12-17T16:50:10.204-03:00  INFO 11636 --- [           main] o.s.o.j.p.SpringPersistenceUnitInfo      : No LoadTimeWeaver setup: ignoring JPA class transformer
2024-12-17T16:50:10.658-03:00  INFO 11636 --- [           main] o.h.b.i.BytecodeProviderInitiator        : HHH000021: Bytecode provider name : bytebuddy
2024-12-17T16:50:11.345-03:00  INFO 11636 --- [           main] o.h.e.t.j.p.i.JtaPlatformInitiator       : HHH000490: Using JtaPlatform implementation: [org.hibernate.engine.transaction.jta.platform.internal.NoJtaPlatform]
Hibernate: drop table if exists avaliacoes cascade 
Hibernate: drop table if exists reserva cascade 
Hibernate: drop table if exists restaurantes cascade 
Hibernate: create table avaliacoes (nota integer, id bigint generated by default as identity, restaurante_id bigint, comentario varchar(255), primary key (id))
Hibernate: create table reserva (id bigint generated by default as identity, restaurante_id bigint, data_hora varchar(255), primary key (id))
Hibernate: create table restaurantes (capacidade integer not null, id bigint generated by default as identity, categoria varchar(255), endereco varchar(255), localizacao varchar(255), nome varchar(255), telefone varchar(255), tipo_cozinha varchar(255), primary key (id))
Hibernate: alter table if exists avaliacoes add constraint FKky0ibewg9e4hbccll3946rcqa foreign key (restaurante_id) references restaurantes
Hibernate: alter table if exists reserva add constraint FKjme6lqbewyn0n2lb14sayb4h3 foreign key (restaurante_id) references restaurantes
2024-12-17T16:50:11.439-03:00  INFO 11636 --- [           main] j.LocalContainerEntityManagerFactoryBean : Initialized JPA EntityManagerFactory for persistence unit 'default'
2024-12-17T16:50:12.001-03:00  INFO 11636 --- [           main] o.s.d.j.r.query.QueryEnhancerFactory     : Hibernate is in classpath; If applicable, HQL parser will be used.
2024-12-17T16:50:12.626-03:00  WARN 11636 --- [           main] ocalVariableTableParameterNameDiscoverer : Using deprecated '-debug' fallback for parameter name resolution. Compile the affected code with '-parameters' instead or avoid its introspection: com.fiap.reservarestaurantes.repository.AvaliacaoRepository
2024-12-17T16:50:12.689-03:00  WARN 11636 --- [           main] ocalVariableTableParameterNameDiscoverer : Using deprecated '-debug' fallback for parameter name resolution. Compile the affected code with '-parameters' instead or avoid its introspection: com.fiap.reservarestaurantes.repository.ReservaRepository
2024-12-17T16:50:12.751-03:00  INFO 11636 --- [           main] c.f.r.a.r.RestauranteRepositoryTest      : Started RestauranteRepositoryTest in 4.286 seconds (process running for 11.802)
Hibernate: insert into restaurantes (capacidade,categoria,endereco,localizacao,nome,telefone,tipo_cozinha,id) values (?,?,?,?,?,?,?,default)
]]></system-out>
  </testcase>
</testsuite>